Arguments: 
  C:\Develop\nodejs\node.exe C:\Users\Yu\AppData\Roaming\npm\node_modules\yarn\bin\yarn.js install

PATH: 
  C:\Users\Yu\bin;C:\Softwares\Git\mingw64\bin;C:\Softwares\Git\usr\local\bin;C:\Softwares\Git\usr\bin;C:\Softwares\Git\usr\bin;C:\Softwares\Git\mingw64\bin;C:\Softwares\Git\usr\bin;C:\Users\Yu\bin;C:\Program Files (x86)\Intel\iCLS Client;C:\Program Files\Intel\iCLS Client;C:\Windows\system32;C:\Windows;C:\Windows\System32\Wbem;C:\Windows\System32\WindowsPowerShell\v1.0;C:\Program Files (x86)\Intel\Intel(R) Management Engine Components\DAL;C:\Program Files\Intel\Intel(R) Management Engine Components\DAL;C:\Program Files (x86)\Intel\Intel(R) Management Engine Components\IPT;C:\Program Files\Intel\Intel(R) Management Engine Components\IPT;C:\WINDOWS\system32;C:\WINDOWS;C:\WINDOWS\System32\Wbem;C:\WINDOWS\System32\WindowsPowerShell\v1.0;C:\Program Files (x86)\NVIDIA Corporation\PhysX\Common;C:\WINDOWS\system32;C:\WINDOWS;C:\WINDOWS\System32\Wbem;C:\WINDOWS\System32\WindowsPowerShell\v1.0;C:\WINDOWS\System32\OpenSSH;C:\Softwares\Git\cmd;C:\Softwares\Git\mingw64\bin;C:\Softwares\Git\usr\bin;C:\Develop\nodejs;C:\Program Files\NVIDIA Corporation\NVIDIA NvDLISR;C:\Users\Yu\AppData\Local\Microsoft\WindowsApps;C:\Users\Yu\AppData\Roaming\npm;C:\Develop\Microsoft VS Code\bin;C:\Softwares\Git\usr\bin\vendor_perl;C:\Softwares\Git\usr\bin\core_perl

Yarn version: 
  1.12.3

Node version: 
  10.8.0

Platform: 
  win32 x64

Trace: 
  SyntaxError: C:\Develop\github\GuLu-UI-Demo\package.json: Unexpected string in JSON at position 241
      at JSON.parse (<anonymous>)
      at C:\Users\Yu\AppData\Roaming\npm\node_modules\yarn\lib\cli.js:1631:59
      at Generator.next (<anonymous>)
      at step (C:\Users\Yu\AppData\Roaming\npm\node_modules\yarn\lib\cli.js:304:30)
      at C:\Users\Yu\AppData\Roaming\npm\node_modules\yarn\lib\cli.js:315:13

npm manifest: 
  {
    "name": "vue-gulu-ui",
    "version": "1.0.3",
    "description": "用Vue做的一个UI框架",
    "private": true,
    "scripts": {
      "serve": "vue-cli-service serve",
      "build": "vue-cli-service build",
      "test:unit": "vue-cli-service test:unit"
      "docs:dev": "vuepress dev docs",
      "docs:build": "vuepress build docs"
    },
    "repository": {
      "type": "git",
      "url": "git+https://github.com/yuyuye958/GuLu-UI.git"
    },
    "keywords": [
      "vue",
      "ui"
    ],
    "author": "allenye\u001b[Y\u001b[D\u001b[D\u001b[D\u001b[D\u001b[A\u001b[C\u001b[C\u001b[C",
    "license": "MIT",
    "bugs": {
      "url": "https://github.com/yuyuye958/GuLu-UI/issues"
    },
    "homepage": "https://github.com/yuyuye958/GuLu-UI#readme",
    "dependencies": {
      "vue": "^2.5.21"
    },
    "devDependencies": {
      "@vue/cli-plugin-babel": "^3.3.0",
      "@vue/cli-plugin-unit-mocha": "^3.3.0",
      "@vue/cli-service": "^3.3.0",
      "@vue/test-utils": "^1.0.0-beta.20",
      "chai": "^4.1.2",
      "node-sass": "^4.9.0",
      "sass-loader": "^7.0.1",
      "vue-template-compiler": "^2.5.21",
      "vuepress": "^0.14.8"
    },
    "postcss": {
      "plugins": {
        "autoprefixer": {}
      }
    },
    "browserslist": [
      "> 1%",
      "last 2 versions",
      "not ie <= 8"
    ]
  }

yarn manifest: 
  No manifest

Lockfile: 
  No lockfile
